<?xml version="1.0" encoding="GBK" standalone="no"?>
<!DOCTYPE log SYSTEM "logger.dtd">
<log>
<record>
  <date>2021-09-09T18:02:37</date>
  <millis>1631181757787</millis>
  <sequence>0</sequence>
  <logger>cxcy</logger>
  <level>INFO</level>
  <class>cn.ussshenzhou.cxcy.utils.LogManager</class>
  <method>init</method>
  <thread>1</thread>
  <message>start</message>
</record>
<record>
  <date>2021-09-09T18:02:37</date>
  <millis>1631181757856</millis>
  <sequence>1</sequence>
  <logger>cxcy</logger>
  <level>INFO</level>
  <class>cn.ussshenzhou.cxcy.MainWindow</class>
  <method>&lt;init&gt;</method>
  <thread>13</thread>
  <message>1</message>
</record>
<record>
  <date>2021-09-09T18:02:38</date>
  <millis>1631181758259</millis>
  <sequence>2</sequence>
  <logger>cxcy</logger>
  <level>INFO</level>
  <class>cn.ussshenzhou.cxcy.MainWindow</class>
  <method>&lt;init&gt;</method>
  <thread>13</thread>
  <message>2</message>
</record>
</log>
